<?xml version="1.0" encoding="UTF-8"?>
<!-- Generated by org.testng.reporters.JUnitXMLReporter -->
<testsuite hostname="IN5CG9292KLF" ignored="0" name="CucumberTest" tests="1" failures="1" timestamp="2020-11-20T22:06:41 IST" time="192.97" errors="0">
  <testcase name="feature" time="191.966" classname="cucumber.api.testng.AbstractTestNGCucumberTests">
    <failure type="cucumber.runtime.CucumberException" message="java.lang.AssertionError: expected [Online flight booking, Hotels, Bus &amp;amp; Holiday Packages at Goibib] but found [Goibibo - Best Travel Website. Book Hotels, Flights, Trains, Bus and Cabs with upto 50% off]">
      <![CDATA[cucumber.runtime.CucumberException: java.lang.AssertionError: expected [Online flight booking, Hotels, Bus &amp; Holiday Packages at Goibib] but found [Goibibo - Best Travel Website. Book Hotels, Flights, Trains, Bus and Cabs with upto 50% off]
at cucumber.api.testng.TestNGCucumberRunner.runCucumber(TestNGCucumberRunner.java:69)
at cucumber.api.testng.AbstractTestNGCucumberTests.feature(AbstractTestNGCucumberTests.java:21)
at java.util.ArrayList.forEach(Unknown Source)
Caused by: java.lang.AssertionError: expected [Online flight booking, Hotels, Bus &amp; Holiday Packages at Goibib] but found [Goibibo - Best Travel Website. Book Hotels, Flights, Trains, Bus and Cabs with upto 50% off]
at com.app.qa.stepdefinitions.FlightSearchSteps.validate_that_actual_title_is_matching_with_the_expected_title_of_flight_search_page(FlightSearchSteps.java:61)
at ✽.Then Validate that actual title is matching with the expected title of Flight Search Page(FlightSearch.feature:9)
... Removed 33 stack frames]]>
    </failure>
  </testcase> <!-- feature -->
</testsuite> <!-- CucumberTest -->
