<?xml version="1.0" encoding="UTF-8"?>
<!-- Generated by org.testng.reporters.JUnitXMLReporter -->
<testsuite hostname="IN5CG9292KLF" ignored="0" name="TestNGTest" tests="4" failures="1" timestamp="2020-11-20T22:32:55 IST" time="79.94" errors="0">
  <testcase name="verfiyFlightSearchTitleTest" time="0.021" classname="com.app.qa.TestNGTests.FlightSearchTestNG1">
    <failure type="java.lang.AssertionError" message="expected [Online flight booking, Hotels, Bus &amp;amp; Holiday Packages at Goibib] but found [Goibibo - Best Travel Website. Book Hotels, Flights, Trains, Bus and Cabs with upto 50% off]">
      <![CDATA[java.lang.AssertionError: expected [Online flight booking, Hotels, Bus &amp; Holiday Packages at Goibib] but found [Goibibo - Best Travel Website. Book Hotels, Flights, Trains, Bus and Cabs with upto 50% off]
at com.app.qa.TestNGTests.FlightSearchTestNG1.verfiyFlightSearchTitleTest(FlightSearchTestNG1.java:47)
at java.util.ArrayList.forEach(Unknown Source)
... Removed 33 stack frames]]>
    </failure>
  </testcase> <!-- verfiyFlightSearchTitleTest -->
  <testcase name="searchFlightsTest" time="1.829" classname="com.app.qa.TestNGTests.FlightSearchTestNG1"/>
  <testcase name="searchFlightsTest" time="1.859" classname="com.app.qa.TestNGTests.FlightSearchTestNG1"/>
  <testcase name="searchFlightsTest" time="1.832" classname="com.app.qa.TestNGTests.FlightSearchTestNG1"/>
</testsuite> <!-- TestNGTest -->
