-------------------------------------------------------------------------------
Test set: TestSuite
-------------------------------------------------------------------------------
Tests run: 1, Failures: 1, Errors: 0, Skipped: 0, Time elapsed: 71.416 s <<< FAILURE! - in TestSuite
feature(com.app.qa.runners.SearchFlightTestRunner1)  Time elapsed: 68.912 s  <<< FAILURE!
cucumber.runtime.CucumberException: java.lang.AssertionError: expected [Online flight booking, Hotels, Bus &amp; Holiday Packages at Goibib] but found [Online flight booking, Hotels, Bus &amp; Holiday Packages at Goibibo]
Caused by: java.lang.AssertionError: expected [Online flight booking, Hotels, Bus &amp; Holiday Packages at Goibib] but found [Online flight booking, Hotels, Bus &amp; Holiday Packages at Goibibo]

